2019-05-12 21:01:48 WARN  Utils:66 - Your hostname, rosberg-p1-ubuntu resolves to a loopback address: 127.0.1.1; using 129.236.232.131 instead (on interface wlp0s20f3)
2019-05-12 21:01:48 WARN  Utils:66 - Set SPARK_LOCAL_IP if you need to bind to another address
2019-05-12 21:01:48 WARN  NativeCodeLoader:62 - Unable to load native-hadoop library for your platform... using builtin-java classes where applicable
2019-05-12 21:01:49 WARN  Utils:66 - Service 'SparkUI' could not bind on port 4040. Attempting port 4041.
2019-05-12 21:01:49 WARN  Utils:66 - Service 'SparkUI' could not bind on port 4041. Attempting port 4042.
2019-05-12 21:01:49 WARN  Utils:66 - Service 'SparkUI' could not bind on port 4042. Attempting port 4043.
marker
-------------------------------------------
Time: 2019-05-12 21:01:53.040000
-------------------------------------------

-------------------------------------------
Time: 2019-05-12 21:01:53.050000
-------------------------------------------

-------------------------------------------
Time: 2019-05-12 21:01:53.060000
-------------------------------------------

-------------------------------------------
Time: 2019-05-12 21:01:53.070000
-------------------------------------------

-------------------------------------------
Time: 2019-05-12 21:01:53.080000
-------------------------------------------

-------------------------------------------
Time: 2019-05-12 21:01:53.090000
-------------------------------------------

-------------------------------------------
Time: 2019-05-12 21:01:53.100000
-------------------------------------------

-------------------------------------------
Time: 2019-05-12 21:01:53.110000
-------------------------------------------

-------------------------------------------
Time: 2019-05-12 21:01:53.120000
-------------------------------------------

-------------------------------------------
Time: 2019-05-12 21:01:53.130000
-------------------------------------------

-------------------------------------------
Time: 2019-05-12 21:01:53.140000
-------------------------------------------

-------------------------------------------
Time: 2019-05-12 21:01:53.150000
-------------------------------------------

-------------------------------------------
Time: 2019-05-12 21:01:53.160000
-------------------------------------------

-------------------------------------------
Time: 2019-05-12 21:01:53.170000
-------------------------------------------

-------------------------------------------
Time: 2019-05-12 21:01:53.180000
-------------------------------------------

-------------------------------------------
Time: 2019-05-12 21:01:53.190000
-------------------------------------------

-------------------------------------------
Time: 2019-05-12 21:01:53.200000
-------------------------------------------

-------------------------------------------
Time: 2019-05-12 21:01:53.210000
-------------------------------------------

-------------------------------------------
Time: 2019-05-12 21:01:53.220000
-------------------------------------------

-------------------------------------------
Time: 2019-05-12 21:01:53.230000
-------------------------------------------

-------------------------------------------
Time: 2019-05-12 21:01:53.240000
-------------------------------------------

-------------------------------------------
Time: 2019-05-12 21:01:53.250000
-------------------------------------------

-------------------------------------------
Time: 2019-05-12 21:01:53.260000
-------------------------------------------

-------------------------------------------
Time: 2019-05-12 21:01:53.270000
-------------------------------------------

-------------------------------------------
Time: 2019-05-12 21:01:53.280000
-------------------------------------------

-------------------------------------------
Time: 2019-05-12 21:01:53.290000
-------------------------------------------

-------------------------------------------
Time: 2019-05-12 21:01:53.300000
-------------------------------------------

-------------------------------------------
Time: 2019-05-12 21:01:53.310000
-------------------------------------------

-------------------------------------------
Time: 2019-05-12 21:01:53.320000
-------------------------------------------

-------------------------------------------
Time: 2019-05-12 21:01:53.330000
-------------------------------------------

-------------------------------------------
Time: 2019-05-12 21:01:53.340000
-------------------------------------------

-------------------------------------------
Time: 2019-05-12 21:01:53.350000
-------------------------------------------

-------------------------------------------
Time: 2019-05-12 21:01:53.360000
-------------------------------------------

-------------------------------------------
Time: 2019-05-12 21:01:53.370000
-------------------------------------------

-------------------------------------------
Time: 2019-05-12 21:01:53.380000
-------------------------------------------

-------------------------------------------
Time: 2019-05-12 21:01:53.390000
-------------------------------------------

-------------------------------------------
Time: 2019-05-12 21:01:53.400000
-------------------------------------------

-------------------------------------------
Time: 2019-05-12 21:01:53.410000
-------------------------------------------

-------------------------------------------
Time: 2019-05-12 21:01:53.420000
-------------------------------------------

-------------------------------------------
Time: 2019-05-12 21:01:53.430000
-------------------------------------------

-------------------------------------------
Time: 2019-05-12 21:01:53.440000
-------------------------------------------

-------------------------------------------
Time: 2019-05-12 21:01:53.450000
-------------------------------------------

-------------------------------------------
Time: 2019-05-12 21:01:53.460000
-------------------------------------------

-------------------------------------------
Time: 2019-05-12 21:01:53.470000
-------------------------------------------

-------------------------------------------
Time: 2019-05-12 21:01:53.480000
-------------------------------------------

-------------------------------------------
Time: 2019-05-12 21:01:53.490000
-------------------------------------------

-------------------------------------------
Time: 2019-05-12 21:01:53.500000
-------------------------------------------

-------------------------------------------
Time: 2019-05-12 21:01:53.510000
-------------------------------------------

-------------------------------------------
Time: 2019-05-12 21:01:53.520000
-------------------------------------------

-------------------------------------------
Time: 2019-05-12 21:01:53.530000
-------------------------------------------

-------------------------------------------
Time: 2019-05-12 21:01:53.540000
-------------------------------------------

-------------------------------------------
Time: 2019-05-12 21:01:53.550000
-------------------------------------------

-------------------------------------------
Time: 2019-05-12 21:01:53.560000
-------------------------------------------

-------------------------------------------
Time: 2019-05-12 21:01:53.570000
-------------------------------------------
[(0, 0), (1, 0), (2, 0), (3, 0), (4, 1), (5, 0), (6, 0), (7, 0), (8, 0), (9, 0), (10, 0), (11, 0), (12, 0), (13, 0), (14, 0), (15, 0), (16, 1), (17, 0), (18, 0), (19, 1)]

-------------------------------------------
Time: 2019-05-12 21:01:53.580000
-------------------------------------------

-------------------------------------------
Time: 2019-05-12 21:01:53.590000
-------------------------------------------

-------------------------------------------
Time: 2019-05-12 21:01:53.600000
-------------------------------------------

-------------------------------------------
Time: 2019-05-12 21:01:53.610000
-------------------------------------------

-------------------------------------------
Time: 2019-05-12 21:01:53.620000
-------------------------------------------

-------------------------------------------
Time: 2019-05-12 21:01:53.630000
-------------------------------------------

-------------------------------------------
Time: 2019-05-12 21:01:53.640000
-------------------------------------------

-------------------------------------------
Time: 2019-05-12 21:01:53.650000
-------------------------------------------

-------------------------------------------
Time: 2019-05-12 21:01:53.660000
-------------------------------------------

-------------------------------------------
Time: 2019-05-12 21:01:53.670000
-------------------------------------------

-------------------------------------------
Time: 2019-05-12 21:01:53.680000
-------------------------------------------

-------------------------------------------
Time: 2019-05-12 21:01:53.690000
-------------------------------------------

-------------------------------------------
Time: 2019-05-12 21:01:53.700000
-------------------------------------------

-------------------------------------------
Time: 2019-05-12 21:01:53.710000
-------------------------------------------

-------------------------------------------
Time: 2019-05-12 21:01:53.720000
-------------------------------------------

-------------------------------------------
Time: 2019-05-12 21:01:53.730000
-------------------------------------------

-------------------------------------------
Time: 2019-05-12 21:01:53.740000
-------------------------------------------

-------------------------------------------
Time: 2019-05-12 21:01:53.750000
-------------------------------------------

-------------------------------------------
Time: 2019-05-12 21:01:53.760000
-------------------------------------------

-------------------------------------------
Time: 2019-05-12 21:01:53.770000
-------------------------------------------

-------------------------------------------
Time: 2019-05-12 21:01:53.780000
-------------------------------------------

-------------------------------------------
Time: 2019-05-12 21:01:53.790000
-------------------------------------------

-------------------------------------------
Time: 2019-05-12 21:01:53.800000
-------------------------------------------

-------------------------------------------
Time: 2019-05-12 21:01:53.810000
-------------------------------------------

-------------------------------------------
Time: 2019-05-12 21:01:53.820000
-------------------------------------------

-------------------------------------------
Time: 2019-05-12 21:01:53.830000
-------------------------------------------

-------------------------------------------
Time: 2019-05-12 21:01:53.840000
-------------------------------------------

-------------------------------------------
Time: 2019-05-12 21:01:53.850000
-------------------------------------------

-------------------------------------------
Time: 2019-05-12 21:01:53.860000
-------------------------------------------

-------------------------------------------
Time: 2019-05-12 21:01:53.870000
-------------------------------------------

-------------------------------------------
Time: 2019-05-12 21:01:53.880000
-------------------------------------------

-------------------------------------------
Time: 2019-05-12 21:01:53.890000
-------------------------------------------

-------------------------------------------
Time: 2019-05-12 21:01:53.900000
-------------------------------------------

-------------------------------------------
Time: 2019-05-12 21:01:53.910000
-------------------------------------------

-------------------------------------------
Time: 2019-05-12 21:01:53.920000
-------------------------------------------

-------------------------------------------
Time: 2019-05-12 21:01:53.930000
-------------------------------------------

-------------------------------------------
Time: 2019-05-12 21:01:53.940000
-------------------------------------------

-------------------------------------------
Time: 2019-05-12 21:01:53.950000
-------------------------------------------

-------------------------------------------
Time: 2019-05-12 21:01:53.960000
-------------------------------------------

-------------------------------------------
Time: 2019-05-12 21:01:53.970000
-------------------------------------------

-------------------------------------------
Time: 2019-05-12 21:01:53.980000
-------------------------------------------

-------------------------------------------
Time: 2019-05-12 21:01:53.990000
-------------------------------------------

-------------------------------------------
Time: 2019-05-12 21:01:54
-------------------------------------------

-------------------------------------------
Time: 2019-05-12 21:01:54.010000
-------------------------------------------

-------------------------------------------
Time: 2019-05-12 21:01:54.020000
-------------------------------------------

-------------------------------------------
Time: 2019-05-12 21:01:54.030000
-------------------------------------------

-------------------------------------------
Time: 2019-05-12 21:01:54.040000
-------------------------------------------

-------------------------------------------
Time: 2019-05-12 21:01:54.050000
-------------------------------------------

-------------------------------------------
Time: 2019-05-12 21:01:54.060000
-------------------------------------------

-------------------------------------------
Time: 2019-05-12 21:01:54.070000
-------------------------------------------

-------------------------------------------
Time: 2019-05-12 21:01:54.080000
-------------------------------------------

-------------------------------------------
Time: 2019-05-12 21:01:54.090000
-------------------------------------------

-------------------------------------------
Time: 2019-05-12 21:01:54.100000
-------------------------------------------

-------------------------------------------
Time: 2019-05-12 21:01:54.110000
-------------------------------------------

-------------------------------------------
Time: 2019-05-12 21:01:54.120000
-------------------------------------------

-------------------------------------------
Time: 2019-05-12 21:01:54.130000
-------------------------------------------

-------------------------------------------
Time: 2019-05-12 21:01:54.140000
-------------------------------------------

-------------------------------------------
Time: 2019-05-12 21:01:54.150000
-------------------------------------------

-------------------------------------------
Time: 2019-05-12 21:01:54.160000
-------------------------------------------

-------------------------------------------
Time: 2019-05-12 21:01:54.170000
-------------------------------------------

-------------------------------------------
Time: 2019-05-12 21:01:54.180000
-------------------------------------------

-------------------------------------------
Time: 2019-05-12 21:01:54.190000
-------------------------------------------

-------------------------------------------
Time: 2019-05-12 21:01:54.200000
-------------------------------------------

-------------------------------------------
Time: 2019-05-12 21:01:54.210000
-------------------------------------------

-------------------------------------------
Time: 2019-05-12 21:01:54.220000
-------------------------------------------

-------------------------------------------
Time: 2019-05-12 21:01:54.230000
-------------------------------------------

-------------------------------------------
Time: 2019-05-12 21:01:54.240000
-------------------------------------------

-------------------------------------------
Time: 2019-05-12 21:01:54.250000
-------------------------------------------

-------------------------------------------
Time: 2019-05-12 21:01:54.260000
-------------------------------------------

-------------------------------------------
Time: 2019-05-12 21:01:54.270000
-------------------------------------------

-------------------------------------------
Time: 2019-05-12 21:01:54.280000
-------------------------------------------

-------------------------------------------
Time: 2019-05-12 21:01:54.290000
-------------------------------------------

-------------------------------------------
Time: 2019-05-12 21:01:54.300000
-------------------------------------------

-------------------------------------------
Time: 2019-05-12 21:01:54.310000
-------------------------------------------

-------------------------------------------
Time: 2019-05-12 21:01:54.320000
-------------------------------------------

-------------------------------------------
Time: 2019-05-12 21:01:54.330000
-------------------------------------------

-------------------------------------------
Time: 2019-05-12 21:01:54.340000
-------------------------------------------

-------------------------------------------
Time: 2019-05-12 21:01:54.350000
-------------------------------------------

-------------------------------------------
Time: 2019-05-12 21:01:54.360000
-------------------------------------------

-------------------------------------------
Time: 2019-05-12 21:01:54.370000
-------------------------------------------

-------------------------------------------
Time: 2019-05-12 21:01:54.380000
-------------------------------------------

-------------------------------------------
Time: 2019-05-12 21:01:54.390000
-------------------------------------------

-------------------------------------------
Time: 2019-05-12 21:01:54.400000
-------------------------------------------

-------------------------------------------
Time: 2019-05-12 21:01:54.410000
-------------------------------------------

-------------------------------------------
Time: 2019-05-12 21:01:54.420000
-------------------------------------------

-------------------------------------------
Time: 2019-05-12 21:01:54.430000
-------------------------------------------

-------------------------------------------
Time: 2019-05-12 21:01:54.440000
-------------------------------------------

-------------------------------------------
Time: 2019-05-12 21:01:54.450000
-------------------------------------------

-------------------------------------------
Time: 2019-05-12 21:01:54.460000
-------------------------------------------

-------------------------------------------
Time: 2019-05-12 21:01:54.470000
-------------------------------------------

-------------------------------------------
Time: 2019-05-12 21:01:54.480000
-------------------------------------------

-------------------------------------------
Time: 2019-05-12 21:01:54.490000
-------------------------------------------

-------------------------------------------
Time: 2019-05-12 21:01:54.500000
-------------------------------------------

-------------------------------------------
Time: 2019-05-12 21:01:54.510000
-------------------------------------------

-------------------------------------------
Time: 2019-05-12 21:01:54.520000
-------------------------------------------

-------------------------------------------
Time: 2019-05-12 21:01:54.530000
-------------------------------------------

-------------------------------------------
Time: 2019-05-12 21:01:54.540000
-------------------------------------------

-------------------------------------------
Time: 2019-05-12 21:01:54.550000
-------------------------------------------

-------------------------------------------
Time: 2019-05-12 21:01:54.560000
-------------------------------------------

-------------------------------------------
Time: 2019-05-12 21:01:54.570000
-------------------------------------------

-------------------------------------------
Time: 2019-05-12 21:01:54.580000
-------------------------------------------

-------------------------------------------
Time: 2019-05-12 21:01:54.590000
-------------------------------------------

-------------------------------------------
Time: 2019-05-12 21:01:54.600000
-------------------------------------------

-------------------------------------------
Time: 2019-05-12 21:01:54.610000
-------------------------------------------

-------------------------------------------
Time: 2019-05-12 21:01:54.620000
-------------------------------------------

-------------------------------------------
Time: 2019-05-12 21:01:54.630000
-------------------------------------------

-------------------------------------------
Time: 2019-05-12 21:01:54.640000
-------------------------------------------

-------------------------------------------
Time: 2019-05-12 21:01:54.650000
-------------------------------------------

-------------------------------------------
Time: 2019-05-12 21:01:54.660000
-------------------------------------------

-------------------------------------------
Time: 2019-05-12 21:01:54.670000
-------------------------------------------

-------------------------------------------
Time: 2019-05-12 21:01:54.680000
-------------------------------------------

-------------------------------------------
Time: 2019-05-12 21:01:54.690000
-------------------------------------------

-------------------------------------------
Time: 2019-05-12 21:01:54.700000
-------------------------------------------

-------------------------------------------
Time: 2019-05-12 21:01:54.710000
-------------------------------------------

-------------------------------------------
Time: 2019-05-12 21:01:54.720000
-------------------------------------------

-------------------------------------------
Time: 2019-05-12 21:01:54.730000
-------------------------------------------

-------------------------------------------
Time: 2019-05-12 21:01:54.740000
-------------------------------------------

-------------------------------------------
Time: 2019-05-12 21:01:54.750000
-------------------------------------------

-------------------------------------------
Time: 2019-05-12 21:01:54.760000
-------------------------------------------

-------------------------------------------
Time: 2019-05-12 21:01:54.770000
-------------------------------------------

-------------------------------------------
Time: 2019-05-12 21:01:54.780000
-------------------------------------------

-------------------------------------------
Time: 2019-05-12 21:01:54.790000
-------------------------------------------

-------------------------------------------
Time: 2019-05-12 21:01:54.800000
-------------------------------------------

-------------------------------------------
Time: 2019-05-12 21:01:54.810000
-------------------------------------------

-------------------------------------------
Time: 2019-05-12 21:01:54.820000
-------------------------------------------

-------------------------------------------
Time: 2019-05-12 21:01:54.830000
-------------------------------------------

-------------------------------------------
Time: 2019-05-12 21:01:54.840000
-------------------------------------------

-------------------------------------------
Time: 2019-05-12 21:01:54.850000
-------------------------------------------

-------------------------------------------
Time: 2019-05-12 21:01:54.860000
-------------------------------------------

-------------------------------------------
Time: 2019-05-12 21:01:54.870000
-------------------------------------------

-------------------------------------------
Time: 2019-05-12 21:01:54.880000
-------------------------------------------

-------------------------------------------
Time: 2019-05-12 21:01:54.890000
-------------------------------------------

-------------------------------------------
Time: 2019-05-12 21:01:54.900000
-------------------------------------------

-------------------------------------------
Time: 2019-05-12 21:01:54.910000
-------------------------------------------

-------------------------------------------
Time: 2019-05-12 21:01:54.920000
-------------------------------------------

-------------------------------------------
Time: 2019-05-12 21:01:54.930000
-------------------------------------------

-------------------------------------------
Time: 2019-05-12 21:01:54.940000
-------------------------------------------

-------------------------------------------
Time: 2019-05-12 21:01:54.950000
-------------------------------------------

-------------------------------------------
Time: 2019-05-12 21:01:54.960000
-------------------------------------------

-------------------------------------------
Time: 2019-05-12 21:01:54.970000
-------------------------------------------

-------------------------------------------
Time: 2019-05-12 21:01:54.980000
-------------------------------------------

-------------------------------------------
Time: 2019-05-12 21:01:54.990000
-------------------------------------------

-------------------------------------------
Time: 2019-05-12 21:01:55
-------------------------------------------

-------------------------------------------
Time: 2019-05-12 21:01:55.010000
-------------------------------------------

-------------------------------------------
Time: 2019-05-12 21:01:55.020000
-------------------------------------------

-------------------------------------------
Time: 2019-05-12 21:01:55.030000
-------------------------------------------

-------------------------------------------
Time: 2019-05-12 21:01:55.040000
-------------------------------------------

-------------------------------------------
Time: 2019-05-12 21:01:55.050000
-------------------------------------------

-------------------------------------------
Time: 2019-05-12 21:01:55.060000
-------------------------------------------

-------------------------------------------
Time: 2019-05-12 21:01:55.070000
-------------------------------------------

-------------------------------------------
Time: 2019-05-12 21:01:55.080000
-------------------------------------------

-------------------------------------------
Time: 2019-05-12 21:01:55.090000
-------------------------------------------

-------------------------------------------
Time: 2019-05-12 21:01:55.100000
-------------------------------------------

-------------------------------------------
Time: 2019-05-12 21:01:55.110000
-------------------------------------------

-------------------------------------------
Time: 2019-05-12 21:01:55.120000
-------------------------------------------

-------------------------------------------
Time: 2019-05-12 21:01:55.130000
-------------------------------------------

-------------------------------------------
Time: 2019-05-12 21:01:55.140000
-------------------------------------------

-------------------------------------------
Time: 2019-05-12 21:01:55.150000
-------------------------------------------

-------------------------------------------
Time: 2019-05-12 21:01:55.160000
-------------------------------------------

-------------------------------------------
Time: 2019-05-12 21:01:55.170000
-------------------------------------------

-------------------------------------------
Time: 2019-05-12 21:01:55.180000
-------------------------------------------

-------------------------------------------
Time: 2019-05-12 21:01:55.190000
-------------------------------------------

-------------------------------------------
Time: 2019-05-12 21:01:55.200000
-------------------------------------------

-------------------------------------------
Time: 2019-05-12 21:01:55.210000
-------------------------------------------

-------------------------------------------
Time: 2019-05-12 21:01:55.220000
-------------------------------------------

-------------------------------------------
Time: 2019-05-12 21:01:55.230000
-------------------------------------------

-------------------------------------------
Time: 2019-05-12 21:01:55.240000
-------------------------------------------

-------------------------------------------
Time: 2019-05-12 21:01:55.250000
-------------------------------------------

-------------------------------------------
Time: 2019-05-12 21:01:55.260000
-------------------------------------------

-------------------------------------------
Time: 2019-05-12 21:01:55.270000
-------------------------------------------

-------------------------------------------
Time: 2019-05-12 21:01:55.280000
-------------------------------------------

-------------------------------------------
Time: 2019-05-12 21:01:55.290000
-------------------------------------------

-------------------------------------------
Time: 2019-05-12 21:01:55.300000
-------------------------------------------

-------------------------------------------
Time: 2019-05-12 21:01:55.310000
-------------------------------------------

-------------------------------------------
Time: 2019-05-12 21:01:55.320000
-------------------------------------------

-------------------------------------------
Time: 2019-05-12 21:01:55.330000
-------------------------------------------

-------------------------------------------
Time: 2019-05-12 21:01:55.340000
-------------------------------------------

-------------------------------------------
Time: 2019-05-12 21:01:55.350000
-------------------------------------------

-------------------------------------------
Time: 2019-05-12 21:01:55.360000
-------------------------------------------

-------------------------------------------
Time: 2019-05-12 21:01:55.370000
-------------------------------------------

-------------------------------------------
Time: 2019-05-12 21:01:55.380000
-------------------------------------------

-------------------------------------------
Time: 2019-05-12 21:01:55.390000
-------------------------------------------

-------------------------------------------
Time: 2019-05-12 21:01:55.400000
-------------------------------------------

-------------------------------------------
Time: 2019-05-12 21:01:55.410000
-------------------------------------------

-------------------------------------------
Time: 2019-05-12 21:01:55.420000
-------------------------------------------

-------------------------------------------
Time: 2019-05-12 21:01:55.430000
-------------------------------------------

-------------------------------------------
Time: 2019-05-12 21:01:55.440000
-------------------------------------------

-------------------------------------------
Time: 2019-05-12 21:01:55.450000
-------------------------------------------

-------------------------------------------
Time: 2019-05-12 21:01:55.460000
-------------------------------------------

-------------------------------------------
Time: 2019-05-12 21:01:55.470000
-------------------------------------------

-------------------------------------------
Time: 2019-05-12 21:01:55.480000
-------------------------------------------

-------------------------------------------
Time: 2019-05-12 21:01:55.490000
-------------------------------------------

-------------------------------------------
Time: 2019-05-12 21:01:55.500000
-------------------------------------------

-------------------------------------------
Time: 2019-05-12 21:01:55.510000
-------------------------------------------

-------------------------------------------
Time: 2019-05-12 21:01:55.520000
-------------------------------------------

-------------------------------------------
Time: 2019-05-12 21:01:55.530000
-------------------------------------------

-------------------------------------------
Time: 2019-05-12 21:01:55.540000
-------------------------------------------

-------------------------------------------
Time: 2019-05-12 21:01:55.550000
-------------------------------------------

-------------------------------------------
Time: 2019-05-12 21:01:55.560000
-------------------------------------------

-------------------------------------------
Time: 2019-05-12 21:01:55.570000
-------------------------------------------

-------------------------------------------
Time: 2019-05-12 21:01:55.580000
-------------------------------------------

-------------------------------------------
Time: 2019-05-12 21:01:55.590000
-------------------------------------------

-------------------------------------------
Time: 2019-05-12 21:01:55.600000
-------------------------------------------

-------------------------------------------
Time: 2019-05-12 21:01:55.610000
-------------------------------------------

-------------------------------------------
Time: 2019-05-12 21:01:55.620000
-------------------------------------------

-------------------------------------------
Time: 2019-05-12 21:01:55.630000
-------------------------------------------

-------------------------------------------
Time: 2019-05-12 21:01:55.640000
-------------------------------------------

-------------------------------------------
Time: 2019-05-12 21:01:55.650000
-------------------------------------------

-------------------------------------------
Time: 2019-05-12 21:01:55.660000
-------------------------------------------

-------------------------------------------
Time: 2019-05-12 21:01:55.670000
-------------------------------------------

-------------------------------------------
Time: 2019-05-12 21:01:55.680000
-------------------------------------------

-------------------------------------------
Time: 2019-05-12 21:01:55.690000
-------------------------------------------

-------------------------------------------
Time: 2019-05-12 21:01:55.700000
-------------------------------------------

-------------------------------------------
Time: 2019-05-12 21:01:55.710000
-------------------------------------------

-------------------------------------------
Time: 2019-05-12 21:01:55.720000
-------------------------------------------

-------------------------------------------
Time: 2019-05-12 21:01:55.730000
-------------------------------------------

-------------------------------------------
Time: 2019-05-12 21:01:55.740000
-------------------------------------------

-------------------------------------------
Time: 2019-05-12 21:01:55.750000
-------------------------------------------

-------------------------------------------
Time: 2019-05-12 21:01:55.760000
-------------------------------------------

-------------------------------------------
Time: 2019-05-12 21:01:55.770000
-------------------------------------------

-------------------------------------------
Time: 2019-05-12 21:01:55.780000
-------------------------------------------

-------------------------------------------
Time: 2019-05-12 21:01:55.790000
-------------------------------------------

-------------------------------------------
Time: 2019-05-12 21:01:55.800000
-------------------------------------------

-------------------------------------------
Time: 2019-05-12 21:01:55.810000
-------------------------------------------

-------------------------------------------
Time: 2019-05-12 21:01:55.820000
-------------------------------------------

-------------------------------------------
Time: 2019-05-12 21:01:55.830000
-------------------------------------------

-------------------------------------------
Time: 2019-05-12 21:01:55.840000
-------------------------------------------

-------------------------------------------
Time: 2019-05-12 21:01:55.850000
-------------------------------------------

-------------------------------------------
Time: 2019-05-12 21:01:55.860000
-------------------------------------------

-------------------------------------------
Time: 2019-05-12 21:01:55.870000
-------------------------------------------

-------------------------------------------
Time: 2019-05-12 21:01:55.880000
-------------------------------------------

-------------------------------------------
Time: 2019-05-12 21:01:55.890000
-------------------------------------------

-------------------------------------------
Time: 2019-05-12 21:01:55.900000
-------------------------------------------

-------------------------------------------
Time: 2019-05-12 21:01:55.910000
-------------------------------------------

-------------------------------------------
Time: 2019-05-12 21:01:55.920000
-------------------------------------------

-------------------------------------------
Time: 2019-05-12 21:01:55.930000
-------------------------------------------

-------------------------------------------
Time: 2019-05-12 21:01:55.940000
-------------------------------------------

-------------------------------------------
Time: 2019-05-12 21:01:55.950000
-------------------------------------------

-------------------------------------------
Time: 2019-05-12 21:01:55.960000
-------------------------------------------

-------------------------------------------
Time: 2019-05-12 21:01:55.970000
-------------------------------------------

-------------------------------------------
Time: 2019-05-12 21:01:55.980000
-------------------------------------------

-------------------------------------------
Time: 2019-05-12 21:01:55.990000
-------------------------------------------

-------------------------------------------
Time: 2019-05-12 21:01:56
-------------------------------------------

-------------------------------------------
Time: 2019-05-12 21:01:56.010000
-------------------------------------------

-------------------------------------------
Time: 2019-05-12 21:01:56.020000
-------------------------------------------

-------------------------------------------
Time: 2019-05-12 21:01:56.030000
-------------------------------------------

-------------------------------------------
Time: 2019-05-12 21:01:56.040000
-------------------------------------------

-------------------------------------------
Time: 2019-05-12 21:01:56.050000
-------------------------------------------

-------------------------------------------
Time: 2019-05-12 21:01:56.060000
-------------------------------------------

-------------------------------------------
Time: 2019-05-12 21:01:56.070000
-------------------------------------------

-------------------------------------------
Time: 2019-05-12 21:01:56.080000
-------------------------------------------

-------------------------------------------
Time: 2019-05-12 21:01:56.090000
-------------------------------------------

-------------------------------------------
Time: 2019-05-12 21:01:56.100000
-------------------------------------------

-------------------------------------------
Time: 2019-05-12 21:01:56.110000
-------------------------------------------

-------------------------------------------
Time: 2019-05-12 21:01:56.120000
-------------------------------------------

-------------------------------------------
Time: 2019-05-12 21:01:56.130000
-------------------------------------------

-------------------------------------------
Time: 2019-05-12 21:01:56.140000
-------------------------------------------

-------------------------------------------
Time: 2019-05-12 21:01:56.150000
-------------------------------------------

-------------------------------------------
Time: 2019-05-12 21:01:56.160000
-------------------------------------------

-------------------------------------------
Time: 2019-05-12 21:01:56.170000
-------------------------------------------

-------------------------------------------
Time: 2019-05-12 21:01:56.180000
-------------------------------------------

-------------------------------------------
Time: 2019-05-12 21:01:56.190000
-------------------------------------------

-------------------------------------------
Time: 2019-05-12 21:01:56.200000
-------------------------------------------

-------------------------------------------
Time: 2019-05-12 21:01:56.210000
-------------------------------------------

-------------------------------------------
Time: 2019-05-12 21:01:56.220000
-------------------------------------------

-------------------------------------------
Time: 2019-05-12 21:01:56.230000
-------------------------------------------

-------------------------------------------
Time: 2019-05-12 21:01:56.240000
-------------------------------------------

-------------------------------------------
Time: 2019-05-12 21:01:56.250000
-------------------------------------------

-------------------------------------------
Time: 2019-05-12 21:01:56.260000
-------------------------------------------

-------------------------------------------
Time: 2019-05-12 21:01:56.270000
-------------------------------------------

-------------------------------------------
Time: 2019-05-12 21:01:56.280000
-------------------------------------------

-------------------------------------------
Time: 2019-05-12 21:01:56.290000
-------------------------------------------

-------------------------------------------
Time: 2019-05-12 21:01:56.300000
-------------------------------------------

-------------------------------------------
Time: 2019-05-12 21:01:56.310000
-------------------------------------------

-------------------------------------------
Time: 2019-05-12 21:01:56.320000
-------------------------------------------

-------------------------------------------
Time: 2019-05-12 21:01:56.330000
-------------------------------------------

-------------------------------------------
Time: 2019-05-12 21:01:56.340000
-------------------------------------------

-------------------------------------------
Time: 2019-05-12 21:01:56.350000
-------------------------------------------

-------------------------------------------
Time: 2019-05-12 21:01:56.360000
-------------------------------------------

-------------------------------------------
Time: 2019-05-12 21:01:56.370000
-------------------------------------------

-------------------------------------------
Time: 2019-05-12 21:01:56.380000
-------------------------------------------

-------------------------------------------
Time: 2019-05-12 21:01:56.390000
-------------------------------------------

-------------------------------------------
Time: 2019-05-12 21:01:56.400000
-------------------------------------------

-------------------------------------------
Time: 2019-05-12 21:01:56.410000
-------------------------------------------

-------------------------------------------
Time: 2019-05-12 21:01:56.420000
-------------------------------------------

-------------------------------------------
Time: 2019-05-12 21:01:56.430000
-------------------------------------------

-------------------------------------------
Time: 2019-05-12 21:01:56.440000
-------------------------------------------

-------------------------------------------
Time: 2019-05-12 21:01:56.450000
-------------------------------------------

-------------------------------------------
Time: 2019-05-12 21:01:56.460000
-------------------------------------------

-------------------------------------------
Time: 2019-05-12 21:01:56.470000
-------------------------------------------

-------------------------------------------
Time: 2019-05-12 21:01:56.480000
-------------------------------------------

-------------------------------------------
Time: 2019-05-12 21:01:56.490000
-------------------------------------------

-------------------------------------------
Time: 2019-05-12 21:01:56.500000
-------------------------------------------

-------------------------------------------
Time: 2019-05-12 21:01:56.510000
-------------------------------------------

-------------------------------------------
Time: 2019-05-12 21:01:56.520000
-------------------------------------------

-------------------------------------------
Time: 2019-05-12 21:01:56.530000
-------------------------------------------

-------------------------------------------
Time: 2019-05-12 21:01:56.540000
-------------------------------------------

-------------------------------------------
Time: 2019-05-12 21:01:56.550000
-------------------------------------------

-------------------------------------------
Time: 2019-05-12 21:01:56.560000
-------------------------------------------

-------------------------------------------
Time: 2019-05-12 21:01:56.570000
-------------------------------------------

-------------------------------------------
Time: 2019-05-12 21:01:56.580000
-------------------------------------------

-------------------------------------------
Time: 2019-05-12 21:01:56.590000
-------------------------------------------

-------------------------------------------
Time: 2019-05-12 21:01:56.600000
-------------------------------------------

-------------------------------------------
Time: 2019-05-12 21:01:56.610000
-------------------------------------------

-------------------------------------------
Time: 2019-05-12 21:01:56.620000
-------------------------------------------

-------------------------------------------
Time: 2019-05-12 21:01:56.630000
-------------------------------------------

-------------------------------------------
Time: 2019-05-12 21:01:56.640000
-------------------------------------------

-------------------------------------------
Time: 2019-05-12 21:01:56.650000
-------------------------------------------

-------------------------------------------
Time: 2019-05-12 21:01:56.660000
-------------------------------------------

-------------------------------------------
Time: 2019-05-12 21:01:56.670000
-------------------------------------------

-------------------------------------------
Time: 2019-05-12 21:01:56.680000
-------------------------------------------

-------------------------------------------
Time: 2019-05-12 21:01:56.690000
-------------------------------------------

-------------------------------------------
Time: 2019-05-12 21:01:56.700000
-------------------------------------------

-------------------------------------------
Time: 2019-05-12 21:01:56.710000
-------------------------------------------

---